[2026-04-06 12:37:33 +0000] [14880] [INFO] Starting gunicorn 25.3.0
[2026-04-06 12:37:33 +0000] [14880] [INFO] Listening at: http://127.0.0.1:8000 (14880)
[2026-04-06 12:37:33 +0000] [14880] [INFO] Using worker: sync
[2026-04-06 12:37:33 +0000] [14881] [INFO] Booting worker with pid: 14881
[2026-04-06 12:37:33 +0000] [14881] [ERROR] Exception in worker process
Traceback (most recent call last):
  File "/root/project/Scheduler_UI/venv/lib/python3.12/site-packages/gunicorn/arbiter.py", line 713, in spawn_worker
    worker.init_process()
  File "/root/project/Scheduler_UI/venv/lib/python3.12/site-packages/gunicorn/workers/base.py", line 136, in init_process
    self.load_wsgi()
  File "/root/project/Scheduler_UI/venv/lib/python3.12/site-packages/gunicorn/workers/base.py", line 148, in load_wsgi
    self.wsgi = self.app.wsgi()
                ^^^^^^^^^^^^^^^
  File "/root/project/Scheduler_UI/venv/lib/python3.12/site-packages/gunicorn/app/base.py", line 66, in wsgi
    self.callable = self.load()
                    ^^^^^^^^^^^
  File "/root/project/Scheduler_UI/venv/lib/python3.12/site-packages/gunicorn/app/wsgiapp.py", line 57, in load
    return self.load_wsgiapp()
           ^^^^^^^^^^^^^^^^^^^
  File "/root/project/Scheduler_UI/venv/lib/python3.12/site-packages/gunicorn/app/wsgiapp.py", line 47, in load_wsgiapp
    return util.import_app(self.app_uri)
           ^^^^^^^^^^^^^^^^^^^^^^^^^^^^^
  File "/root/project/Scheduler_UI/venv/lib/python3.12/site-packages/gunicorn/util.py", line 377, in import_app
    mod = importlib.import_module(module)
          ^^^^^^^^^^^^^^^^^^^^^^^^^^^^^^^
  File "/usr/lib/python3.12/importlib/__init__.py", line 90, in import_module
    return _bootstrap._gcd_import(name[level:], package, level)
           ^^^^^^^^^^^^^^^^^^^^^^^^^^^^^^^^^^^^^^^^^^^^^^^^^^^^
  File "<frozen importlib._bootstrap>", line 1387, in _gcd_import
  File "<frozen importlib._bootstrap>", line 1360, in _find_and_load
  File "<frozen importlib._bootstrap>", line 1324, in _find_and_load_unlocked
ModuleNotFoundError: No module named 'projttgs.wsgi'
No module named 'projttgs.wsgi'
[2026-04-06 12:37:33 +0000] [14881] [INFO] Worker exiting (pid: 14881)
[2026-04-06 12:37:34 +0000] [14880] [ERROR] Worker (pid:14881) exited with code 3.
[2026-04-06 12:37:34 +0000] [14880] [INFO] Control socket listening at /run/user/0/gunicorn.ctl
[2026-04-06 12:37:36 +0000] [14880] [ERROR] Shutting down: Master
[2026-04-06 12:37:36 +0000] [14880] [ERROR] Reason: Worker failed to boot.
[2026-04-06 12:42:33 +0000] [14895] [INFO] Starting gunicorn 25.3.0
[2026-04-06 12:42:33 +0000] [14895] [INFO] Listening at: http://127.0.0.1:8000 (14895)
[2026-04-06 12:42:33 +0000] [14895] [INFO] Using worker: sync
[2026-04-06 12:42:33 +0000] [14896] [INFO] Booting worker with pid: 14896
[2026-04-06 12:42:33 +0000] [14896] [ERROR] Exception in worker process
Traceback (most recent call last):
  File "/root/project/Scheduler_UI/venv/lib/python3.12/site-packages/gunicorn/arbiter.py", line 713, in spawn_worker
    worker.init_process()
  File "/root/project/Scheduler_UI/venv/lib/python3.12/site-packages/gunicorn/workers/base.py", line 136, in init_process
    self.load_wsgi()
  File "/root/project/Scheduler_UI/venv/lib/python3.12/site-packages/gunicorn/workers/base.py", line 148, in load_wsgi
    self.wsgi = self.app.wsgi()
                ^^^^^^^^^^^^^^^
  File "/root/project/Scheduler_UI/venv/lib/python3.12/site-packages/gunicorn/app/base.py", line 66, in wsgi
    self.callable = self.load()
                    ^^^^^^^^^^^
  File "/root/project/Scheduler_UI/venv/lib/python3.12/site-packages/gunicorn/app/wsgiapp.py", line 57, in load
    return self.load_wsgiapp()
           ^^^^^^^^^^^^^^^^^^^
  File "/root/project/Scheduler_UI/venv/lib/python3.12/site-packages/gunicorn/app/wsgiapp.py", line 47, in load_wsgiapp
    return util.import_app(self.app_uri)
           ^^^^^^^^^^^^^^^^^^^^^^^^^^^^^
  File "/root/project/Scheduler_UI/venv/lib/python3.12/site-packages/gunicorn/util.py", line 377, in import_app
    mod = importlib.import_module(module)
          ^^^^^^^^^^^^^^^^^^^^^^^^^^^^^^^
  File "/usr/lib/python3.12/importlib/__init__.py", line 90, in import_module
    return _bootstrap._gcd_import(name[level:], package, level)
           ^^^^^^^^^^^^^^^^^^^^^^^^^^^^^^^^^^^^^^^^^^^^^^^^^^^^
  File "<frozen importlib._bootstrap>", line 1387, in _gcd_import
  File "<frozen importlib._bootstrap>", line 1360, in _find_and_load
  File "<frozen importlib._bootstrap>", line 1324, in _find_and_load_unlocked
ModuleNotFoundError: No module named 'projttgs.wsgi'
No module named 'projttgs.wsgi'
[2026-04-06 12:42:33 +0000] [14896] [INFO] Worker exiting (pid: 14896)
[2026-04-06 12:42:33 +0000] [14895] [INFO] Control socket listening at /run/user/0/gunicorn.ctl
[2026-04-06 12:42:33 +0000] [14895] [ERROR] Worker (pid:14896) exited with code 3.
[2026-04-06 12:42:33 +0000] [14895] [ERROR] Shutting down: Master
[2026-04-06 12:42:33 +0000] [14895] [ERROR] Reason: Worker failed to boot.
[2026-04-06 12:58:33 +0000] [14957] [INFO] Starting gunicorn 25.3.0
[2026-04-06 12:58:33 +0000] [14957] [ERROR] Connection in use: ('127.0.0.1', 8000)
[2026-04-06 12:58:33 +0000] [14957] [ERROR] connection to ('127.0.0.1', 8000) failed: [Errno 98] Address already in use
[2026-04-06 12:58:34 +0000] [14957] [ERROR] Connection in use: ('127.0.0.1', 8000)
[2026-04-06 12:58:34 +0000] [14957] [ERROR] connection to ('127.0.0.1', 8000) failed: [Errno 98] Address already in use
[2026-04-06 12:58:35 +0000] [14957] [ERROR] Connection in use: ('127.0.0.1', 8000)
[2026-04-06 12:58:35 +0000] [14957] [ERROR] connection to ('127.0.0.1', 8000) failed: [Errno 98] Address already in use
[2026-04-06 12:58:36 +0000] [14957] [ERROR] Connection in use: ('127.0.0.1', 8000)
[2026-04-06 12:58:36 +0000] [14957] [ERROR] connection to ('127.0.0.1', 8000) failed: [Errno 98] Address already in use
[2026-04-06 12:58:37 +0000] [14957] [ERROR] Connection in use: ('127.0.0.1', 8000)
[2026-04-06 12:58:37 +0000] [14957] [ERROR] connection to ('127.0.0.1', 8000) failed: [Errno 98] Address already in use
[2026-04-06 12:58:38 +0000] [14957] [ERROR] Can't connect to ('127.0.0.1', 8000)
[2026-04-06 13:02:56 +0000] [14965] [INFO] Starting gunicorn 25.3.0
[2026-04-06 13:02:56 +0000] [14965] [INFO] Listening at: http://127.0.0.1:8000 (14965)
[2026-04-06 13:02:56 +0000] [14965] [INFO] Using worker: sync
[2026-04-06 13:02:56 +0000] [14966] [INFO] Booting worker with pid: 14966
[2026-04-06 13:02:56 +0000] [14966] [ERROR] Exception in worker process
Traceback (most recent call last):
  File "/root/project/Scheduler_UI/venv/lib/python3.12/site-packages/gunicorn/arbiter.py", line 713, in spawn_worker
    worker.init_process()
  File "/root/project/Scheduler_UI/venv/lib/python3.12/site-packages/gunicorn/workers/base.py", line 136, in init_process
    self.load_wsgi()
  File "/root/project/Scheduler_UI/venv/lib/python3.12/site-packages/gunicorn/workers/base.py", line 148, in load_wsgi
    self.wsgi = self.app.wsgi()
                ^^^^^^^^^^^^^^^
  File "/root/project/Scheduler_UI/venv/lib/python3.12/site-packages/gunicorn/app/base.py", line 66, in wsgi
    self.callable = self.load()
                    ^^^^^^^^^^^
  File "/root/project/Scheduler_UI/venv/lib/python3.12/site-packages/gunicorn/app/wsgiapp.py", line 57, in load
    return self.load_wsgiapp()
           ^^^^^^^^^^^^^^^^^^^
  File "/root/project/Scheduler_UI/venv/lib/python3.12/site-packages/gunicorn/app/wsgiapp.py", line 47, in load_wsgiapp
    return util.import_app(self.app_uri)
           ^^^^^^^^^^^^^^^^^^^^^^^^^^^^^
  File "/root/project/Scheduler_UI/venv/lib/python3.12/site-packages/gunicorn/util.py", line 377, in import_app
    mod = importlib.import_module(module)
          ^^^^^^^^^^^^^^^^^^^^^^^^^^^^^^^
  File "/usr/lib/python3.12/importlib/__init__.py", line 90, in import_module
    return _bootstrap._gcd_import(name[level:], package, level)
           ^^^^^^^^^^^^^^^^^^^^^^^^^^^^^^^^^^^^^^^^^^^^^^^^^^^^
  File "<frozen importlib._bootstrap>", line 1387, in _gcd_import
  File "<frozen importlib._bootstrap>", line 1360, in _find_and_load
  File "<frozen importlib._bootstrap>", line 1324, in _find_and_load_unlocked
ModuleNotFoundError: No module named 'projttgs.wsgi'
No module named 'projttgs.wsgi'
[2026-04-06 13:02:56 +0000] [14966] [INFO] Worker exiting (pid: 14966)
[2026-04-06 13:02:56 +0000] [14965] [INFO] Control socket listening at /run/user/0/gunicorn.ctl
[2026-04-06 13:02:56 +0000] [14965] [ERROR] Worker (pid:14966) exited with code 3.
[2026-04-06 13:02:56 +0000] [14965] [ERROR] Shutting down: Master
[2026-04-06 13:02:56 +0000] [14965] [ERROR] Reason: Worker failed to boot.
[2026-04-06 13:05:27 +0000] [14975] [INFO] Starting gunicorn 25.3.0
[2026-04-06 13:05:27 +0000] [14975] [INFO] Listening at: http://127.0.0.1:8000 (14975)
[2026-04-06 13:05:27 +0000] [14975] [INFO] Using worker: sync
[2026-04-06 13:05:27 +0000] [14976] [INFO] Booting worker with pid: 14976
[2026-04-06 13:05:27 +0000] [14976] [ERROR] Exception in worker process
Traceback (most recent call last):
  File "/root/project/Scheduler_UI/venv/lib/python3.12/site-packages/gunicorn/arbiter.py", line 713, in spawn_worker
    worker.init_process()
  File "/root/project/Scheduler_UI/venv/lib/python3.12/site-packages/gunicorn/workers/base.py", line 136, in init_process
    self.load_wsgi()
  File "/root/project/Scheduler_UI/venv/lib/python3.12/site-packages/gunicorn/workers/base.py", line 148, in load_wsgi
    self.wsgi = self.app.wsgi()
                ^^^^^^^^^^^^^^^
  File "/root/project/Scheduler_UI/venv/lib/python3.12/site-packages/gunicorn/app/base.py", line 66, in wsgi
    self.callable = self.load()
                    ^^^^^^^^^^^
  File "/root/project/Scheduler_UI/venv/lib/python3.12/site-packages/gunicorn/app/wsgiapp.py", line 57, in load
    return self.load_wsgiapp()
           ^^^^^^^^^^^^^^^^^^^
  File "/root/project/Scheduler_UI/venv/lib/python3.12/site-packages/gunicorn/app/wsgiapp.py", line 47, in load_wsgiapp
    return util.import_app(self.app_uri)
           ^^^^^^^^^^^^^^^^^^^^^^^^^^^^^
  File "/root/project/Scheduler_UI/venv/lib/python3.12/site-packages/gunicorn/util.py", line 377, in import_app
    mod = importlib.import_module(module)
          ^^^^^^^^^^^^^^^^^^^^^^^^^^^^^^^
  File "/usr/lib/python3.12/importlib/__init__.py", line 90, in import_module
    return _bootstrap._gcd_import(name[level:], package, level)
           ^^^^^^^^^^^^^^^^^^^^^^^^^^^^^^^^^^^^^^^^^^^^^^^^^^^^
  File "<frozen importlib._bootstrap>", line 1387, in _gcd_import
  File "<frozen importlib._bootstrap>", line 1360, in _find_and_load
  File "<frozen importlib._bootstrap>", line 1324, in _find_and_load_unlocked
ModuleNotFoundError: No module named 'projttgs.wsgi'
No module named 'projttgs.wsgi'
[2026-04-06 13:05:27 +0000] [14976] [INFO] Worker exiting (pid: 14976)
[2026-04-06 13:05:27 +0000] [14975] [ERROR] Worker (pid:14976) exited with code 3.
[2026-04-06 13:05:27 +0000] [14975] [INFO] Control socket listening at /run/user/0/gunicorn.ctl
[2026-04-06 13:05:29 +0000] [14975] [ERROR] Shutting down: Master
[2026-04-06 13:05:29 +0000] [14975] [ERROR] Reason: Worker failed to boot.
[2026-04-06 13:19:52 +0000] [15023] [INFO] Starting gunicorn 25.3.0
[2026-04-06 13:19:52 +0000] [15023] [INFO] Listening at: http://127.0.0.1:8000 (15023)
[2026-04-06 13:19:52 +0000] [15023] [INFO] Using worker: sync
[2026-04-06 13:19:52 +0000] [15024] [INFO] Booting worker with pid: 15024
[2026-04-06 13:19:52 +0000] [15023] [INFO] Control socket listening at /run/user/0/gunicorn.ctl
[2026-04-06 15:48:55 +0000] [15636] [INFO] Starting gunicorn 25.3.0
[2026-04-06 15:48:55 +0000] [15636] [INFO] Listening at: http://127.0.0.1:8000 (15636)
[2026-04-06 15:48:55 +0000] [15636] [INFO] Using worker: sync
[2026-04-06 15:48:55 +0000] [15637] [INFO] Booting worker with pid: 15637
[2026-04-06 15:48:55 +0000] [15636] [INFO] Control socket listening at /run/user/0/gunicorn.ctl
[2026-04-06 16:02:37 +0000] [16714] [INFO] Starting gunicorn 25.3.0
[2026-04-06 16:02:37 +0000] [16714] [INFO] Listening at: http://127.0.0.1:8000 (16714)
[2026-04-06 16:02:37 +0000] [16714] [INFO] Using worker: sync
[2026-04-06 16:02:37 +0000] [16715] [INFO] Booting worker with pid: 16715
[2026-04-06 16:02:37 +0000] [16714] [INFO] Control socket listening at /run/user/0/gunicorn.ctl
